

*******************************************************************************
Thu Jun 18 02:34:49 2020


FIT:    data read from "data.txt" using 1:2
        format = x:z
        #datapoints = 30
        residuals are weighted equally (unit weight)

function used for fitting: f(x)
	f(x) = a/sqrt(x)+b
fitted parameters initialized with current variable values

iter      chisq       delta/lim  lambda   a             b            
   0 6.5055841126e+06   0.00e+00  7.08e-01    1.000000e+00   1.000000e+00
   5 4.4831188854e+03  -1.84e-07  7.08e-06    1.331152e+04  -1.218730e+01

After 5 iterations the fit converged.
final sum of squares of residuals : 4483.12
rel. change during last iteration : -1.83781e-12

degrees of freedom    (FIT_NDF)                        : 28
rms of residuals      (FIT_STDFIT) = sqrt(WSSR/ndf)    : 12.6535
variance of residuals (reduced chisquare) = WSSR/ndf   : 160.111

Final set of parameters            Asymptotic Standard Error
=======================            ==========================
a               = 13311.5          +/- 121.4        (0.912%)
b               = -12.1873         +/- 4.347        (35.67%)

correlation matrix of the fit parameters:
                a      b      
a               1.000 
b              -0.847  1.000 
