

*******************************************************************************
Thu Jun 18 02:28:07 2020


FIT:    data read from "time_c_data.txt"
        format = z
        #datapoints = 34
        residuals are weighted equally (unit weight)

function used for fitting: fc(x)
	fc(x)=bc+(x/ac)**cc
fitted parameters initialized with current variable values

iter      chisq       delta/lim  lambda   ac            bc           
   0 9.1686706695e+02   0.00e+00  9.97e+00    9.000000e+01   1.000000e+00
   7 6.9135659186e-03  -3.24e-01  9.97e-07    2.313126e+02  -6.518817e-03

After 7 iterations the fit converged.
final sum of squares of residuals : 0.00691357
rel. change during last iteration : -3.23919e-06

degrees of freedom    (FIT_NDF)                        : 32
rms of residuals      (FIT_STDFIT) = sqrt(WSSR/ndf)    : 0.0146986
variance of residuals (reduced chisquare) = WSSR/ndf   : 0.000216049

Final set of parameters            Asymptotic Standard Error
=======================            ==========================
ac              = 231.313          +/- 1.017        (0.4396%)
bc              = -0.00651882      +/- 0.003641     (55.86%)

correlation matrix of the fit parameters:
                ac     bc     
ac              1.000 
bc              0.722  1.000 


*******************************************************************************
Thu Jun 18 02:28:07 2020


FIT:    data read from "time_1_data.txt"
        format = z
        #datapoints = 7
        residuals are weighted equally (unit weight)

function used for fitting: f1(x)
	f1(x)=b1+(x/a1)**c1
fitted parameters initialized with current variable values

iter      chisq       delta/lim  lambda   a1            b1           
   0 5.5923245194e+05   0.00e+00  5.97e+02    9.000000e+01   1.000000e+00
  15 3.9644044546e-05  -3.71e-05  5.97e-13    1.882932e+03   1.903487e-02

After 15 iterations the fit converged.
final sum of squares of residuals : 3.9644e-05
rel. change during last iteration : -3.70549e-10

degrees of freedom    (FIT_NDF)                        : 5
rms of residuals      (FIT_STDFIT) = sqrt(WSSR/ndf)    : 0.00281581
variance of residuals (reduced chisquare) = WSSR/ndf   : 7.92881e-06

Final set of parameters            Asymptotic Standard Error
=======================            ==========================
a1              = 1882.93          +/- 47.74        (2.535%)
b1              = 0.0190349        +/- 0.002336     (12.27%)

correlation matrix of the fit parameters:
                a1     b1     
a1              1.000 
b1              0.890  1.000 


*******************************************************************************
Thu Jun 18 02:28:07 2020


FIT:    data read from "time_v_data.txt"
        format = z
        #datapoints = 9
        residuals are weighted equally (unit weight)

function used for fitting: fv(x)
	fv(x)=bv+(x/av)**cv
fitted parameters initialized with current variable values

iter      chisq       delta/lim  lambda   av            bv           
   0 1.0878117893e+01   0.00e+00  9.33e-01    9.000000e+01   1.000000e+00
   5 6.2365569267e-04  -7.60e-05  9.33e-06    1.021399e+02  -2.225038e-02

After 5 iterations the fit converged.
final sum of squares of residuals : 0.000623656
rel. change during last iteration : -7.59967e-10

degrees of freedom    (FIT_NDF)                        : 7
rms of residuals      (FIT_STDFIT) = sqrt(WSSR/ndf)    : 0.00943894
variance of residuals (reduced chisquare) = WSSR/ndf   : 8.90937e-05

Final set of parameters            Asymptotic Standard Error
=======================            ==========================
av              = 102.14           +/- 0.9947       (0.9738%)
bv              = -0.0222504       +/- 0.005738     (25.79%)

correlation matrix of the fit parameters:
                av     bv     
av              1.000 
bv              0.836  1.000 
